0 info it worked if it ends with ok
1 verbose cli [ 'node', '/usr/local/bin/npm', 'publish' ]
2 info using npm@1.4.13
3 info using node@v0.10.24
4 verbose publish [ '.' ]
5 verbose cache add [ '.', null ]
6 verbose cache add name=undefined spec="." args=[".",null]
7 verbose parsed url { protocol: null,
7 verbose parsed url   slashes: null,
7 verbose parsed url   auth: null,
7 verbose parsed url   host: null,
7 verbose parsed url   port: null,
7 verbose parsed url   hostname: null,
7 verbose parsed url   hash: null,
7 verbose parsed url   search: null,
7 verbose parsed url   query: null,
7 verbose parsed url   pathname: '.',
7 verbose parsed url   path: '.',
7 verbose parsed url   href: '.' }
8 silly lockFile 3a52ce78- .
9 verbose lock . /Users/jarrod/.npm/3a52ce78-.lock
10 verbose tar pack [ '/Users/jarrod/.npm/haste/0.0.1/package.tgz', '.' ]
11 verbose tarball /Users/jarrod/.npm/haste/0.0.1/package.tgz
12 verbose folder .
13 info prepublish haste@0.0.1
14 silly lockFile 1f1177db-tar tar://.
15 verbose lock tar://. /Users/jarrod/.npm/1f1177db-tar.lock
16 silly lockFile 37a0789b-rrod-npm-haste-0-0-1-package-tgz tar:///Users/jarrod/.npm/haste/0.0.1/package.tgz
17 verbose lock tar:///Users/jarrod/.npm/haste/0.0.1/package.tgz /Users/jarrod/.npm/37a0789b-rrod-npm-haste-0-0-1-package-tgz.lock
18 silly lockFile 1f1177db-tar tar://.
19 silly lockFile 1f1177db-tar tar://.
20 silly lockFile 37a0789b-rrod-npm-haste-0-0-1-package-tgz tar:///Users/jarrod/.npm/haste/0.0.1/package.tgz
21 silly lockFile 37a0789b-rrod-npm-haste-0-0-1-package-tgz tar:///Users/jarrod/.npm/haste/0.0.1/package.tgz
22 silly lockFile 38cafe44-s-jarrod-npm-haste-0-0-1-package /Users/jarrod/.npm/haste/0.0.1/package
23 verbose lock /Users/jarrod/.npm/haste/0.0.1/package /Users/jarrod/.npm/38cafe44-s-jarrod-npm-haste-0-0-1-package.lock
24 silly lockFile 38cafe44-s-jarrod-npm-haste-0-0-1-package /Users/jarrod/.npm/haste/0.0.1/package
25 silly lockFile 38cafe44-s-jarrod-npm-haste-0-0-1-package /Users/jarrod/.npm/haste/0.0.1/package
26 silly lockFile 3a52ce78- .
27 silly lockFile 3a52ce78- .
28 silly publish { name: 'haste',
28 silly publish   description: 'Load testing using simulated browsers. Includes simple reflection server and data gathering.',
28 silly publish   version: '0.0.1',
28 silly publish   repository:
28 silly publish    { type: 'git',
28 silly publish      url: 'https://github.com/jarrodconnolly/haste.git' },
28 silly publish   bugs: { url: 'https://github.com/jarrodconnolly/haste/issues' },
28 silly publish   keywords: [ 'load test', 'http', 'performance', 'loadtest', 'test' ],
28 silly publish   homepage: 'https://github.com/jarrodconnolly/haste',
28 silly publish   dependencies:
28 silly publish    { connect: '^2.19.4',
28 silly publish      lodash: '^2.4.1',
28 silly publish      phantomjs: '^1.9.7-8',
28 silly publish      q: '^1.0.1',
28 silly publish      st: '^0.4.1',
28 silly publish      yargs: '^1.2.2' },
28 silly publish   author:
28 silly publish    { name: 'Jarrod Connolly',
28 silly publish      email: 'jarrod@nestedquotes.ca',
28 silly publish      url: 'http://www.nestedquotes.ca/' },
28 silly publish   scripts: { test: 'mocha' },
28 silly publish   bin: { haste: 'bin/haste.js', 'haste-ws': 'bin/haste-ws.js' },
28 silly publish   license: 'MIT',
28 silly publish   preferGlobal: true,
28 silly publish   private: false,
28 silly publish   devDependencies: { chai: '^1.9.1', mocha: '^1.20.1' },
28 silly publish   readme: '# haste [![Build Status](https://travis-ci.org/jarrodconnolly/haste.svg?branch=master)](https://travis-ci.org/jarrodconnolly/haste) [![Dependencies](https://david-dm.org/jarrodconnolly/haste.png)](https://david-dm.org/jarrodconnolly/haste) [![Code Climate](https://codeclimate.com/github/jarrodconnolly/haste.png)](https://codeclimate.com/github/jarrodconnolly/haste) ![Code Status](http://img.shields.io/badge/state-pre--alpha-brightgreen.svg)\n\nLoad testing using simulated browsers. Includes simple reflection server and data gathering.\n\n**_Project is pre-alpha and still in development_**\n\n## What does it do?\nI needed a realistic browser load testing tool so I decided to write one. Using phantomjs controlled by nodejs this will allow many browsers to be launched that follow a preset script of pages to hit while downloading all the resources from those pages.\n\n## Usage\n\nInstall\n\n    $ npm install -g haste\n\nTest\n\n    $ npm test\n\n## License\nSee [LICENSE](LICENSE).\n',
28 silly publish   readmeFilename: 'README.md',
28 silly publish   gitHead: 'a05356ec3933d79025b8dc810aaa702054cec971',
28 silly publish   _id: 'haste@0.0.1',
28 silly publish   _shasum: '840f0ba4dcdf2f49976432c4b2f21a5354de4608',
28 silly publish   _from: '.' }
29 verbose url raw haste
30 verbose url resolving [ 'https://registry.npmjs.org/', './haste' ]
31 verbose url resolved https://registry.npmjs.org/haste
32 info trying registry request attempt 1 at 09:29:52
33 http PUT https://registry.npmjs.org/haste
34 http 403 https://registry.npmjs.org/haste
35 verbose headers { date: 'Sun, 08 Jun 2014 16:29:52 GMT',
35 verbose headers   server: 'CouchDB/1.5.0 (Erlang OTP/R14B04)',
35 verbose headers   'content-type': 'application/json',
35 verbose headers   'cache-control': 'max-age=1',
35 verbose headers   'content-length': '2085',
35 verbose headers   'accept-ranges': 'bytes',
35 verbose headers   via: '1.1 varnish',
35 verbose headers   'x-served-by': 'cache-sv62-SJC3',
35 verbose headers   'x-cache': 'MISS',
35 verbose headers   'x-cache-hits': '0',
35 verbose headers   'x-timer': 'S1402244992.760179,VS0,VE151',
35 verbose headers   'keep-alive': 'timeout=10, max=50',
35 verbose headers   connection: 'Keep-Alive' }
36 error publish Failed PUT 403
37 error Error: forbidden user: jarrodconnolly not authorized to modify haste
37 error Changed: description "ERROR: No README.md file found!" -> "Load testing using simulated browsers. Includes simple reflection server and data gathering."
37 error Changed: dist-tags.latest "0.0.0" -> "0.0.1"
37 error Added: versions.0.0.1
37 error Changed: readme "ERROR: No README.md file found!" -> "# haste [![Build Status](https://travis-ci.org/jarrodconnolly/haste.svg?branch=master)](https://travis-ci.org/jarrodconnolly/haste) [![Dependencies](https://david-dm.org/jarrodconnolly/haste.png)](https://david-dm.org/jarrodconnolly/haste) [![Code Climate](https://codeclimate.com/github/jarrodconnolly/haste.png)](https://codeclimate.com/github/jarrodconnolly/haste) ![Code Status](http://img.shields.io/badge/state-pre--alpha-brightgreen.svg)\u000a\u000aLoad testing using simulated browsers. Includes simple reflection server and data gathering.\u000a\u000a**_Project is pre-alpha and still in development_**\u000a\u000a## What does it do?\u000aI needed a realistic browser load testing tool so I decided to write one. Using phantomjs controlled by nodejs this will allow many browsers to be launched that follow a preset script of pages to hit while downloading all the resources from those pages.\u000a\u000a## Usage\u000a\u000aInstall\u000a\u000a    $ npm install -g haste\u000a\u000aTest\u000a\u000a    $ npm test\u000a\u000a## License\u000aSee [LICENSE](LICENSE).\u000a"
37 error Changed: time.modified "2012-12-28T02:08:43.311Z" -> "2014-06-08T16:29:49.953Z"
37 error Added: time.0.0.1
37 error Changed: author.name "Erik Lundin" -> "Jarrod Connolly"
37 error Changed: author.email "erik@wub.io" -> "jarrod@nestedquotes.ca"
37 error Added: author.url
37 error Changed: repository.url "https://github.com/wub/haste.git" -> "https://github.com/jarrodconnolly/haste.git"
37 error Changed: homepage "https://github.com/wub/haste" -> "https://github.com/jarrodconnolly/haste"
37 error Added: keywords.0
37 error Added: keywords.1
37 error Added: keywords.2
37 error Added: keywords.3
37 error Added: keywords.4
37 error Added: bugs
37 error Added: license
37 error Added: _attachments: haste
37 error     at RegClient.<anonymous> (/usr/local/lib/node_modules/npm/node_modules/npm-registry-client/lib/request.js:274:14)
37 error     at Request._callback (/usr/local/lib/node_modules/npm/node_modules/npm-registry-client/lib/request.js:212:65)
37 error     at Request.self.callback (/usr/local/lib/node_modules/npm/node_modules/npm-registry-client/node_modules/request/request.js:121:22)
37 error     at Request.EventEmitter.emit (events.js:98:17)
37 error     at Request.<anonymous> (/usr/local/lib/node_modules/npm/node_modules/npm-registry-client/node_modules/request/request.js:985:14)
37 error     at Request.EventEmitter.emit (events.js:117:20)
37 error     at IncomingMessage.<anonymous> (/usr/local/lib/node_modules/npm/node_modules/npm-registry-client/node_modules/request/request.js:936:12)
37 error     at IncomingMessage.EventEmitter.emit (events.js:117:20)
37 error     at _stream_readable.js:920:16
37 error     at process._tickCallback (node.js:415:13)
38 error If you need help, you may report this *entire* log,
38 error including the npm and node versions, at:
38 error     <http://github.com/npm/npm/issues>
39 error System Darwin 13.2.0
40 error command "node" "/usr/local/bin/npm" "publish"
41 error cwd /Users/jarrod/Documents/git/haste
42 error node -v v0.10.24
43 error npm -v 1.4.13
44 verbose exit [ 1, true ]
